[1 - Suricata-Main] 2025-03-20 21:53:33 Notice: suricata: This is Suricata version 7.0.9 RELEASE running in SYSTEM mode
[1 - Suricata-Main] 2025-03-20 21:53:33 Info: cpu: CPUs/cores online: 12
[1 - Suricata-Main] 2025-03-20 21:53:33 Info: suricata: Setting engine mode to IDS mode by default
[1 - Suricata-Main] 2025-03-20 21:53:33 Info: exception-policy: master exception-policy set to: auto
[1 - Suricata-Main] 2025-03-20 21:53:33 Info: logopenfile: fast output device (regular) initialized: fast.log
[1 - Suricata-Main] 2025-03-20 21:53:33 Info: logopenfile: eve-log output device (regular) initialized: eve.json
[1 - Suricata-Main] 2025-03-20 21:53:33 Info: logopenfile: stats output device (regular) initialized: stats.log
[1 - Suricata-Main] 2025-03-20 21:53:37 Info: detect: 1 rule files processed. 42554 rules successfully loaded, 0 rules failed, 0
[1 - Suricata-Main] 2025-03-20 21:53:37 Info: threshold-config: Threshold config parsed: 0 rule(s) found
[1 - Suricata-Main] 2025-03-20 21:53:37 Info: detect: 42557 signatures processed. 1291 are IP-only rules, 4333 are inspecting packet payload, 36716 inspect application layer, 109 are decoder event only
[1 - Suricata-Main] 2025-03-20 21:53:47 Warning: af-packet: eth0: AF_PACKET tpacket-v3 is recommended for non-inline operation
[1 - Suricata-Main] 2025-03-20 21:53:47 Info: runmodes: eth0: creating 12 threads
[1 - Suricata-Main] 2025-03-20 21:53:47 Info: unix-manager: unix socket '/var/run/suricata-command.socket'
[1 - Suricata-Main] 2025-03-20 21:53:48 Notice: threads: Threads created -> W: 12 FM: 1 FR: 1   Engine started.
[1 - Suricata-Main] 2025-03-20 22:09:27 Notice: suricata: Signal Received.  Stopping engine.
[1 - Suricata-Main] 2025-03-20 22:09:27 Info: suricata: time elapsed 940.690s
[1 - Suricata-Main] 2025-03-20 22:09:28 Info: counters: Alerts: 0
[1 - Suricata-Main] 2025-03-20 22:09:29 Notice: device: eth0: packets: 3, drops: 0 (0.00%), invalid chksum: 0
[1 - Suricata-Main] 2025-03-20 22:09:37 Notice: suricata: This is Suricata version 7.0.9 RELEASE running in SYSTEM mode
[1 - Suricata-Main] 2025-03-20 22:09:37 Info: cpu: CPUs/cores online: 12
[1 - Suricata-Main] 2025-03-20 22:09:37 Info: suricata: Setting engine mode to IDS mode by default
[1 - Suricata-Main] 2025-03-20 22:09:37 Info: exception-policy: master exception-policy set to: auto
[1 - Suricata-Main] 2025-03-20 22:09:37 Info: logopenfile: fast output device (regular) initialized: fast.log
[1 - Suricata-Main] 2025-03-20 22:09:37 Info: logopenfile: eve-log output device (regular) initialized: eve.json
[1 - Suricata-Main] 2025-03-20 22:09:37 Info: logopenfile: stats output device (regular) initialized: stats.log
[1 - Suricata-Main] 2025-03-20 22:09:40 Info: detect: 1 rule files processed. 42554 rules successfully loaded, 0 rules failed, 0
[1 - Suricata-Main] 2025-03-20 22:09:40 Info: threshold-config: Threshold config parsed: 0 rule(s) found
[1 - Suricata-Main] 2025-03-20 22:09:40 Info: detect: 42557 signatures processed. 1291 are IP-only rules, 4333 are inspecting packet payload, 36716 inspect application layer, 109 are decoder event only
[1 - Suricata-Main] 2025-03-20 22:09:49 Warning: af-packet: eth0: AF_PACKET tpacket-v3 is recommended for non-inline operation
[1 - Suricata-Main] 2025-03-20 22:09:49 Info: runmodes: eth0: creating 12 threads
[1 - Suricata-Main] 2025-03-20 22:09:49 Info: unix-manager: unix socket '/var/run/suricata-command.socket'
[1 - Suricata-Main] 2025-03-20 22:09:49 Notice: threads: Threads created -> W: 12 FM: 1 FR: 1   Engine started.
[1 - Suricata-Main] 2025-03-20 22:09:49 Notice: suricata: Signal Received.  Stopping engine.
[1 - Suricata-Main] 2025-03-20 22:09:50 Info: suricata: time elapsed 1.216s
[1 - Suricata-Main] 2025-03-20 22:09:51 Info: counters: Alerts: 0
[1 - Suricata-Main] 2025-03-20 22:09:51 Notice: device: eth0: packets: 0, drops: 0 (0.00%), invalid chksum: 0
